生成启动时间为 2019/12/22 2:12:13。
     1>项目“C:\Users\Administrator.YOS-01609071533.000\Desktop\learn\VideoPlay\VideoPlay\VideoPlay\VideoPlay.vcxproj”在节点 2 上(Build 个目标)。
     1>PrepareForBuild:
         正在创建目录“C:\Users\Administrator.YOS-01609071533.000\Desktop\learn\VideoPlay\VideoPlay\x64\Debug\”。
         正在创建目录“x64\Debug\VideoPlay.tlog\”。
       InitializeBuildStatus:
         正在创建“x64\Debug\VideoPlay.tlog\unsuccessfulbuild”，因为已指定“AlwaysCreate”。
       ClCompile:
         F:\Program Files (x86)\Microsoft Visual Studio\2017\Community\VC\Tools\MSVC\14.15.26726\bin\HostX86\x64\CL.exe /c /ZI /JMC /nologo /W3 /WX- /diagnostics:classic /sdl /Od /D _DEBUG /D _CONSOLE /D _UNICODE /D UNICODE /Gm- /EHsc /RTC1 /MDd /GS /fp:precise /permissive- /Zc:wchar_t /Zc:forScope /Zc:inline /Yc"pch.h" /Fp"x64\Debug\VideoPlay.pch" /Fo"x64\Debug\\" /Fd"x64\Debug\vc141.pdb" /Gd /TP /FC /errorReport:prompt pch.cpp
         pch.cpp
         F:\Program Files (x86)\Microsoft Visual Studio\2017\Community\VC\Tools\MSVC\14.15.26726\bin\HostX86\x64\CL.exe /c /ZI /JMC /nologo /W3 /WX- /diagnostics:classic /sdl /Od /D _DEBUG /D _CONSOLE /D _UNICODE /D UNICODE /Gm- /EHsc /RTC1 /MDd /GS /fp:precise /permissive- /Zc:wchar_t /Zc:forScope /Zc:inline /Yu"pch.h" /Fp"x64\Debug\VideoPlay.pch" /Fo"x64\Debug\\" /Fd"x64\Debug\vc141.pdb" /Gd /TP /FC /errorReport:prompt VideoPlay.cpp
         VideoPlay.cpp
     1>c:\program files (x86)\windows kits\8.1\include\um\combaseapi.h(229): error C2760: 语法错误: 意外的令牌“标识符”，预期的令牌为“类型说明符”
     1>c:\users\administrator.yos-01609071533.000\desktop\learn\videoplay\videoplay\videoplay\videoplay.cpp(44): fatal error C1083: 无法打开包括文件: “SDL.h”: No such file or directory
     1>已完成生成项目“C:\Users\Administrator.YOS-01609071533.000\Desktop\learn\VideoPlay\VideoPlay\VideoPlay\VideoPlay.vcxproj”(Build 个目标)的操作 - 失败。

生成失败。

       “C:\Users\Administrator.YOS-01609071533.000\Desktop\learn\VideoPlay\VideoPlay\VideoPlay\VideoPlay.vcxproj”(Build 目标) (1) ->
       (ClCompile 目标) -> 
         c:\program files (x86)\windows kits\8.1\include\um\combaseapi.h(229): error C2760: 语法错误: 意外的令牌“标识符”，预期的令牌为“类型说明符”
         c:\users\administrator.yos-01609071533.000\desktop\learn\videoplay\videoplay\videoplay\videoplay.cpp(44): fatal error C1083: 无法打开包括文件: “SDL.h”: No such file or directory

    0 个警告
    2 个错误

已用时间 00:00:01.62
